11/04/23 13:03:28: Running xcd server. This server was built by gradle.
11/04/23 13:03:28: Server was asked to start on port: '47100'
11/04/23 13:03:28: Server is using token UUID: '836954b0-2516-451e-b460-af8b91ea5449'
11/04/23 13:03:28: SESSION_MGR: creating session with session uuid: '6d04a3e9-ade5-4ab9-8d63-1f78fcd2ec76' and name 'default'
11/04/23 13:03:28: Attempting to start server on port '47100'
11/04/23 13:03:28: Running Dispatch Server
11/04/23 13:03:28: Version 2.2.0
11/04/23 13:03:35: Dispatch Server: Accepted socket connection from client
11/04/23 13:03:35: Starting Socket connection
11/04/23 13:03:35: EXCHANGE_TOKEN received, server token: 836954b0-2516-451e-b460-af8b91ea5449, passed token: 836954b0-2516-451e-b460-af8b91ea5449
11/04/23 13:03:35: SESSION_MGR: creating session with session uuid: 'bcbad65f-b134-4f88-8f1a-f1601f85df80' and name 'vitis_hls'
11/04/23 13:03:35: KERNEL_SVC: creating session with uuid: 'bcbad65f-b134-4f88-8f1a-f1601f85df80' and name 'vitis_hls'
11/04/23 13:03:35: GUIDANCE_SMGR: creating guidance session with uuid: 'bcbad65f-b134-4f88-8f1a-f1601f85df80' and name 'vitis_hls'
11/04/23 13:03:53: STOP_SERVER received, server token: 836954b0-2516-451e-b460-af8b91ea5449, passed token: 836954b0-2516-451e-b460-af8b91ea5449
11/04/23 13:03:53: Socket received request to stop server.
11/04/23 13:03:53: Dispatch Server: do_await_stop
11/04/23 13:03:53: SERVER: destructor for server bound to port 47100
11/04/23 13:03:53: Server exiting with status 0.
11/04/23 13:03:53: Closing log file.
11/04/23 13:05:24: Running xcd server. This server was built by gradle.
11/04/23 13:05:24: Server was asked to start on port: '45481'
11/04/23 13:05:24: Server is using token UUID: '52fc42f0-3cf8-40cd-b7e2-e631cc27d3a7'
11/04/23 13:05:24: SESSION_MGR: creating session with session uuid: '6d04a3e9-ade5-4ab9-8d63-1f78fcd2ec76' and name 'default'
11/04/23 13:05:24: Attempting to start server on port '45481'
11/04/23 13:05:24: Running Dispatch Server
11/04/23 13:05:24: Version 2.2.0
11/04/23 13:05:32: Dispatch Server: Accepted socket connection from client
11/04/23 13:05:32: Starting Socket connection
11/04/23 13:05:32: EXCHANGE_TOKEN received, server token: 52fc42f0-3cf8-40cd-b7e2-e631cc27d3a7, passed token: 52fc42f0-3cf8-40cd-b7e2-e631cc27d3a7
11/04/23 13:05:32: SESSION_MGR: creating session with session uuid: 'c9504d6f-e3ce-4822-b9ba-875933f08f05' and name 'vitis_hls'
11/04/23 13:05:32: KERNEL_SVC: creating session with uuid: 'c9504d6f-e3ce-4822-b9ba-875933f08f05' and name 'vitis_hls'
11/04/23 13:05:32: GUIDANCE_SMGR: creating guidance session with uuid: 'c9504d6f-e3ce-4822-b9ba-875933f08f05' and name 'vitis_hls'
11/04/23 13:05:51: STOP_SERVER received, server token: 52fc42f0-3cf8-40cd-b7e2-e631cc27d3a7, passed token: 52fc42f0-3cf8-40cd-b7e2-e631cc27d3a7
11/04/23 13:05:51: Socket received request to stop server.
11/04/23 13:05:51: Dispatch Server: do_await_stop
11/04/23 13:05:51: SERVER: destructor for server bound to port 45481
11/04/23 13:05:51: Server exiting with status 0.
11/04/23 13:05:51: Closing log file.
