C:\Users\Irene\Desktop\FPGAWars\prueba2\hls\sensor\solution1\.autopilot\db\sensor.pp.0.cpp:1452:7: warning: Added loop label VITIS_LOOP_1211_1:   [xilinx-label-all-loops]
      for (i = 0; i < __N - 1; ++i) {
      ^~~
      VITIS_LOOP_1211_1: 
C:\Users\Irene\Desktop\FPGAWars\prueba2\hls\sensor\solution1\.autopilot\db\sensor.pp.0.cpp:1452:7: note: FIX-IT applied suggested code changes
C:\Users\Irene\Desktop\FPGAWars\prueba2\hls\sensor\solution1\.autopilot\db\sensor.pp.0.cpp:2426:5: warning: Added loop label VITIS_LOOP_676_1:   [xilinx-label-all-loops]
    for (unsigned i = low; i != high; ++i) {
    ^~~
    VITIS_LOOP_676_1: 
C:\Users\Irene\Desktop\FPGAWars\prueba2\hls\sensor\solution1\.autopilot\db\sensor.pp.0.cpp:2426:5: note: FIX-IT applied suggested code changes
C:\Users\Irene\Desktop\FPGAWars\prueba2\hls\sensor\solution1\.autopilot\db\sensor.pp.0.cpp:2440:5: warning: Added loop label VITIS_LOOP_690_1:   [xilinx-label-all-loops]
    for (unsigned i = low; i != high; ++i) {
    ^~~
    VITIS_LOOP_690_1: 
C:\Users\Irene\Desktop\FPGAWars\prueba2\hls\sensor\solution1\.autopilot\db\sensor.pp.0.cpp:2440:5: note: FIX-IT applied suggested code changes
C:\Users\Irene\Desktop\FPGAWars\prueba2\hls\sensor\solution1\.autopilot\db\sensor.pp.0.cpp:2454:5: warning: Added loop label VITIS_LOOP_704_1:   [xilinx-label-all-loops]
    for (unsigned i = low; i != high; ++i) {
    ^~~
    VITIS_LOOP_704_1: 
C:\Users\Irene\Desktop\FPGAWars\prueba2\hls\sensor\solution1\.autopilot\db\sensor.pp.0.cpp:2454:5: note: FIX-IT applied suggested code changes
C:\Users\Irene\Desktop\FPGAWars\prueba2\hls\sensor\solution1\.autopilot\db\sensor.pp.0.cpp:4065:7: warning: Added loop label VITIS_LOOP_1245_1:   [xilinx-label-all-loops]
      for (i = 0; i < __N - 1; ++i) {
      ^~~
      VITIS_LOOP_1245_1: 
C:\Users\Irene\Desktop\FPGAWars\prueba2\hls\sensor\solution1\.autopilot\db\sensor.pp.0.cpp:4065:7: note: FIX-IT applied suggested code changes
