remark: C:/Xilinx/Vitis_HLS/2022.2/common/technology/autopilot\ap_int_base.h:214:67: Inlining function 'ssdm_int<8, false>::ssdm_int(unsigned char)' into 'ap_int_base<8, false>::ap_int_base(int)'
remark: C:/Xilinx/Vitis_HLS/2022.2/common/technology/autopilot\ap_int_base.h:1669:228: Inlining function 'ap_int_base<8, false>::ap_int_base(int)' into 'ap_int_base<8, false>::RType<8, false>::arg1 operator<<<8, false>(ap_int_base<8, false> const&, int)'
remark: C:/Xilinx/Vitis_HLS/2022.2/common/technology/autopilot\ap_int_base.h:185:106: Inlining function '_ZN8ssdm_intILi9ELb0EEC2EDq9_j' into 'ap_int_base<9, false>::ap_int_base<8, false>(ap_int_base<8, false> const&)'
remark: C:/Xilinx/Vitis_HLS/2022.2/common/technology/autopilot\ap_int_base.h:214:67: Inlining function '_ZN8ssdm_intILi9ELb0EEC2EDq9_j' into 'ap_int_base<9, false>::ap_int_base(int)'
remark: C:/Xilinx/Vitis_HLS/2022.2/common/technology/autopilot\ap_int_base.h:1495:339: Inlining function 'ap_int_base<9, false>::ap_int_base<8, false>(ap_int_base<8, false> const&)' into 'ap_int_base<8, false>::RType<8, false>::plus operator+<8, false, 8, false>(ap_int_base<8, false> const&, ap_int_base<8, false> const&)'
remark: C:/Xilinx/Vitis_HLS/2022.2/common/technology/autopilot\ap_int_base.h:1495:516: Inlining function 'ap_int_base<9, false>::ap_int_base(int)' into 'ap_int_base<8, false>::RType<8, false>::plus operator+<8, false, 8, false>(ap_int_base<8, false> const&, ap_int_base<8, false> const&)'
remark: C:/Xilinx/Vitis_HLS/2022.2/common/technology/autopilot\ap_int_base.h:1495:427: Inlining function 'ap_int_base<9, false>::ap_int_base<8, false>(ap_int_base<8, false> const&)' into 'ap_int_base<8, false>::RType<8, false>::plus operator+<8, false, 8, false>(ap_int_base<8, false> const&, ap_int_base<8, false> const&)'
remark: C:/Xilinx/Vitis_HLS/2022.2/common/technology/autopilot\ap_int_base.h:185:106: Inlining function '_ZN8ssdm_intILi10ELb0EEC2EDq10_j' into 'ap_int_base<10, false>::ap_int_base<9, false>(ap_int_base<9, false> const&)'
remark: C:/Xilinx/Vitis_HLS/2022.2/common/technology/autopilot\ap_int_base.h:185:106: Inlining function '_ZN8ssdm_intILi10ELb0EEC2EDq10_j' into 'ap_int_base<10, false>::ap_int_base<8, false>(ap_int_base<8, false> const&)'
remark: C:/Xilinx/Vitis_HLS/2022.2/common/technology/autopilot\ap_int_base.h:214:67: Inlining function '_ZN8ssdm_intILi10ELb0EEC2EDq10_j' into 'ap_int_base<10, false>::ap_int_base(int)'
remark: C:/Xilinx/Vitis_HLS/2022.2/common/technology/autopilot\ap_int_base.h:1495:339: Inlining function 'ap_int_base<10, false>::ap_int_base<9, false>(ap_int_base<9, false> const&)' into 'ap_int_base<9, false>::RType<8, false>::plus operator+<9, false, 8, false>(ap_int_base<9, false> const&, ap_int_base<8, false> const&)'
remark: C:/Xilinx/Vitis_HLS/2022.2/common/technology/autopilot\ap_int_base.h:1495:516: Inlining function 'ap_int_base<10, false>::ap_int_base(int)' into 'ap_int_base<9, false>::RType<8, false>::plus operator+<9, false, 8, false>(ap_int_base<9, false> const&, ap_int_base<8, false> const&)'
remark: C:/Xilinx/Vitis_HLS/2022.2/common/technology/autopilot\ap_int_base.h:1495:427: Inlining function 'ap_int_base<10, false>::ap_int_base<8, false>(ap_int_base<8, false> const&)' into 'ap_int_base<9, false>::RType<8, false>::plus operator+<9, false, 8, false>(ap_int_base<9, false> const&, ap_int_base<8, false> const&)'
remark: C:/Xilinx/Vitis_HLS/2022.2/common/technology/autopilot\ap_int_base.h:185:106: Inlining function 'ssdm_int<32, false>::ssdm_int(unsigned int)' into 'ap_int_base<32, false>::ap_int_base<10, false>(ap_int_base<10, false> const&)'
remark: <unknown>:0:0: Inlining function 'ap_int_base<32, false>::ap_int_base<10, false>(ap_int_base<10, false> const&)' into 'ap_uint<32>::ap_uint<10>(ap_uint<10> const&)'
remark: sensor.cpp:19:44: Inlining function 'ap_int_base<9, false>::RType<8, false>::plus operator+<9, false, 8, false>(ap_int_base<9, false> const&, ap_int_base<8, false> const&)' into 'sensor'
remark: sensor.cpp:19:55: Inlining function 'ap_int_base<8, false>::RType<8, false>::arg1 operator<<<8, false>(ap_int_base<8, false> const&, int)' into 'sensor'
remark: sensor.cpp:19:27: Inlining function 'ap_int_base<8, false>::RType<8, false>::plus operator+<8, false, 8, false>(ap_int_base<8, false> const&, ap_int_base<8, false> const&)' into 'sensor'
remark: sensor.cpp:19:38: Inlining function 'ap_int_base<8, false>::RType<8, false>::arg1 operator<<<8, false>(ap_int_base<8, false> const&, int)' into 'sensor'
remark: sensor.cpp:18:45: Inlining function 'ap_int_base<9, false>::RType<8, false>::plus operator+<9, false, 8, false>(ap_int_base<9, false> const&, ap_int_base<8, false> const&)' into 'sensor'
remark: sensor.cpp:18:56: Inlining function 'ap_int_base<8, false>::RType<8, false>::arg1 operator<<<8, false>(ap_int_base<8, false> const&, int)' into 'sensor'
remark: sensor.cpp:18:28: Inlining function 'ap_int_base<8, false>::RType<8, false>::plus operator+<8, false, 8, false>(ap_int_base<8, false> const&, ap_int_base<8, false> const&)' into 'sensor'
remark: sensor.cpp:18:39: Inlining function 'ap_int_base<8, false>::RType<8, false>::arg1 operator<<<8, false>(ap_int_base<8, false> const&, int)' into 'sensor'
remark: sensor.cpp:5:0: Aggregating fifo (hls::stream) variable 'P' with compact=bit mode in 32-bits
remark: sensor.cpp:5:0: Aggregating fifo (hls::stream) variable 'T' with compact=bit mode in 32-bits
remark: sensor.cpp:5:0: Aggregating scalar variable 'cmd_in' with compact=bit mode in 8-bits
