09:08:02 DEBUG : Logs will be stored at 'C:/Users/Irene/workspace/IDE.log'.
09:08:08 INFO  : Launching XSCT server: xsct.bat -n  -interactive C:\Users\Irene\workspace\temp_xsdb_launch_script.tcl
09:08:08 INFO  : Registering command handlers for Vitis TCF services
09:08:09 INFO  : Platform repository initialization has completed.
09:08:14 INFO  : XSCT server has started successfully.
09:08:15 INFO  : plnx-install-location is set to ''
09:08:15 INFO  : Successfully done setting XSCT server connection channel  
09:08:15 INFO  : Successfully done query RDI_DATADIR 
09:08:15 INFO  : Successfully done setting workspace for the tool. 
09:24:13 INFO  : Result from executing command 'getProjects': Main_wrapper
09:24:13 INFO  : Result from executing command 'getPlatforms': xilinx_zcu102_base_202220_1|C:/Xilinx/Vitis/2022.2/base_platforms/xilinx_zcu102_base_202220_1/xilinx_zcu102_base_202220_1.xpfm;xilinx_zcu102_base_dfx_202220_1|C:/Xilinx/Vitis/2022.2/base_platforms/xilinx_zcu102_base_dfx_202220_1/xilinx_zcu102_base_dfx_202220_1.xpfm;xilinx_zcu104_base_202220_1|C:/Xilinx/Vitis/2022.2/base_platforms/xilinx_zcu104_base_202220_1/xilinx_zcu104_base_202220_1.xpfm
09:24:14 WARN  : An unexpected exception occurred in the module 'platform project logging'
09:24:16 INFO  : Platform 'Main_wrapper' is added to custom repositories.
09:24:46 INFO  : Platform 'Main_wrapper' is added to custom repositories.
10:56:35 INFO  : Hardware specification for platform project 'Main_wrapper' is updated.
13:26:57 INFO  : Result from executing command 'getProjects': Main_wrapper
13:26:57 INFO  : Result from executing command 'getPlatforms': Main_wrapper|C:/Users/Irene/workspace/Main_wrapper/export/Main_wrapper/Main_wrapper.xpfm;xilinx_zcu102_base_202220_1|C:/Xilinx/Vitis/2022.2/base_platforms/xilinx_zcu102_base_202220_1/xilinx_zcu102_base_202220_1.xpfm;xilinx_zcu102_base_dfx_202220_1|C:/Xilinx/Vitis/2022.2/base_platforms/xilinx_zcu102_base_dfx_202220_1/xilinx_zcu102_base_dfx_202220_1.xpfm;xilinx_zcu104_base_202220_1|C:/Xilinx/Vitis/2022.2/base_platforms/xilinx_zcu104_base_202220_1/xilinx_zcu104_base_202220_1.xpfm
13:26:59 INFO  : Checking for BSP changes to sync application flags for project 'FPGAwars'...
13:36:53 INFO  : Checking for BSP changes to sync application flags for project 'FPGAwars'...
13:39:47 INFO  : Checking for BSP changes to sync application flags for project 'FPGAwars'...
13:40:19 INFO  : Checking for BSP changes to sync application flags for project 'FPGAwars'...
13:40:26 INFO  : Checking for BSP changes to sync application flags for project 'FPGAwars'...
13:47:22 INFO  : Checking for BSP changes to sync application flags for project 'FPGAwars'...
13:50:41 INFO  : Checking for BSP changes to sync application flags for project 'FPGAwars'...
13:51:02 INFO  : Checking for BSP changes to sync application flags for project 'FPGAwars'...
13:51:32 INFO  : Checking for BSP changes to sync application flags for project 'FPGAwars'...
13:52:59 INFO  : Checking for BSP changes to sync application flags for project 'FPGAwars'...
13:55:16 DEBUG : Logs will be stored at 'C:/Users/Irene/workspace/IDE.log'.
13:55:17 INFO  : Launching XSCT server: xsct.bat -n  -interactive C:\Users\Irene\workspace\temp_xsdb_launch_script.tcl
13:55:25 INFO  : Registering command handlers for Vitis TCF services
13:55:26 INFO  : Platform repository initialization has completed.
13:55:26 INFO  : XSCT server has started successfully.
13:55:27 INFO  : plnx-install-location is set to ''
13:55:27 INFO  : Successfully done setting XSCT server connection channel  
13:55:27 INFO  : Successfully done query RDI_DATADIR 
13:55:28 INFO  : Successfully done setting workspace for the tool. 
